Analysis & Synthesis report for automatic_counter
Wed Sep 27 07:40:19 2023
Quartus Prime Version 17.1.0 Build 590 10/25/2017 SJ Lite Edition


---------------------
; Table of Contents ;
---------------------
  1. Legal Notice
  2. Analysis & Synthesis Summary
  3. Analysis & Synthesis Settings
  4. Parallel Compilation
  5. Analysis & Synthesis Source Files Read
  6. Analysis & Synthesis Resource Usage Summary
  7. Analysis & Synthesis Resource Utilization by Entity
  8. Registers Removed During Synthesis
  9. General Register Statistics
 10. Post-Synthesis Netlist Statistics for Top Partition
 11. Elapsed Time Per Partition
 12. Analysis & Synthesis Messages



----------------
; Legal Notice ;
----------------
Copyright (C) 2017  Intel Corporation. All rights reserved.
Your use of Intel Corporation's design tools, logic functions 
and other software and tools, and its AMPP partner logic 
functions, and any output files from any of the foregoing 
(including device programming or simulation files), and any 
associated documentation or information are expressly subject 
to the terms and conditions of the Intel Program License 
Subscription Agreement, the Intel Quartus Prime License Agreement,
the Intel FPGA IP License Agreement, or other applicable license
agreement, including, without limitation, that your use is for
the sole purpose of programming logic devices manufactured by
Intel and sold by Intel or its authorized distributors.  Please
refer to the applicable agreement for further details.



+----------------------------------------------------------------------------------+
; Analysis & Synthesis Summary                                                     ;
+------------------------------------+---------------------------------------------+
; Analysis & Synthesis Status        ; Successful - Wed Sep 27 07:40:19 2023       ;
; Quartus Prime Version              ; 17.1.0 Build 590 10/25/2017 SJ Lite Edition ;
; Revision Name                      ; automatic_counter                           ;
; Top-level Entity Name              ; automatic_counter                           ;
; Family                             ; Cyclone IV E                                ;
; Total logic elements               ; 48                                          ;
;     Total combinational functions  ; 48                                          ;
;     Dedicated logic registers      ; 33                                          ;
; Total registers                    ; 33                                          ;
; Total pins                         ; 9                                           ;
; Total virtual pins                 ; 0                                           ;
; Total memory bits                  ; 0                                           ;
; Embedded Multiplier 9-bit elements ; 0                                           ;
; Total PLLs                         ; 0                                           ;
+------------------------------------+---------------------------------------------+


+----------------------------------------------------------------------------------------------------------------------+
; Analysis & Synthesis Settings                                                                                        ;
+----------------------------------------------------------------------------+--------------------+--------------------+
; Option                                                                     ; Setting            ; Default Value      ;
+----------------------------------------------------------------------------+--------------------+--------------------+
; Device                                                                     ; EP4CE115F29C7      ;                    ;
; Top-level entity name                                                      ; automatic_counter  ; automatic_counter  ;
; Family name                                                                ; Cyclone IV E       ; Cyclone V          ;
; Use smart compilation                                                      ; Off                ; Off                ;
; Enable parallel Assembler and TimeQuest Timing Analyzer during compilation ; On                 ; On                 ;
; Enable compact report table                                                ; Off                ; Off                ;
; Restructure Multiplexers                                                   ; Auto               ; Auto               ;
; Create Debugging Nodes for IP Cores                                        ; Off                ; Off                ;
; Preserve fewer node names                                                  ; On                 ; On                 ;
; Intel FPGA IP Evaluation Mode                                              ; Enable             ; Enable             ;
; Verilog Version                                                            ; Verilog_2001       ; Verilog_2001       ;
; VHDL Version                                                               ; VHDL_1993          ; VHDL_1993          ;
; State Machine Processing                                                   ; Auto               ; Auto               ;
; Safe State Machine                                                         ; Off                ; Off                ;
; Extract Verilog State Machines                                             ; On                 ; On                 ;
; Extract VHDL State Machines                                                ; On                 ; On                 ;
; Ignore Verilog initial constructs                                          ; Off                ; Off                ;
; Iteration limit for constant Verilog loops                                 ; 5000               ; 5000               ;
; Iteration limit for non-constant Verilog loops                             ; 250                ; 250                ;
; Add Pass-Through Logic to Inferred RAMs                                    ; On                 ; On                 ;
; Infer RAMs from Raw Logic                                                  ; On                 ; On                 ;
; Parallel Synthesis                                                         ; On                 ; On                 ;
; DSP Block Balancing                                                        ; Auto               ; Auto               ;
; NOT Gate Push-Back                                                         ; On                 ; On                 ;
; Power-Up Don't Care                                                        ; On                 ; On                 ;
; Remove Redundant Logic Cells                                               ; Off                ; Off                ;
; Remove Duplicate Registers                                                 ; On                 ; On                 ;
; Ignore CARRY Buffers                                                       ; Off                ; Off                ;
; Ignore CASCADE Buffers                                                     ; Off                ; Off                ;
; Ignore GLOBAL Buffers                                                      ; Off                ; Off                ;
; Ignore ROW GLOBAL Buffers                                                  ; Off                ; Off                ;
; Ignore LCELL Buffers                                                       ; Off                ; Off                ;
; Ignore SOFT Buffers                                                        ; On                 ; On                 ;
; Limit AHDL Integers to 32 Bits                                             ; Off                ; Off                ;
; Optimization Technique                                                     ; Balanced           ; Balanced           ;
; Carry Chain Length                                                         ; 70                 ; 70                 ;
; Auto Carry Chains                                                          ; On                 ; On                 ;
; Auto Open-Drain Pins                                                       ; On                 ; On                 ;
; Perform WYSIWYG Primitive Resynthesis                                      ; Off                ; Off                ;
; Auto ROM Replacement                                                       ; On                 ; On                 ;
; Auto RAM Replacement                                                       ; On                 ; On                 ;
; Auto DSP Block Replacement                                                 ; On                 ; On                 ;
; Auto Shift Register Replacement                                            ; Auto               ; Auto               ;
; Allow Shift Register Merging across Hierarchies                            ; Auto               ; Auto               ;
; Auto Clock Enable Replacement                                              ; On                 ; On                 ;
; Strict RAM Replacement                                                     ; Off                ; Off                ;
; Allow Synchronous Control Signals                                          ; On                 ; On                 ;
; Force Use of Synchronous Clear Signals                                     ; Off                ; Off                ;
; Auto RAM Block Balancing                                                   ; On                 ; On                 ;
; Auto RAM to Logic Cell Conversion                                          ; Off                ; Off                ;
; Auto Resource Sharing                                                      ; Off                ; Off                ;
; Allow Any RAM Size For Recognition                                         ; Off                ; Off                ;
; Allow Any ROM Size For Recognition                                         ; Off                ; Off                ;
; Allow Any Shift Register Size For Recognition                              ; Off                ; Off                ;
; Use LogicLock Constraints during Resource Balancing                        ; On                 ; On                 ;
; Ignore translate_off and synthesis_off directives                          ; Off                ; Off                ;
; Timing-Driven Synthesis                                                    ; On                 ; On                 ;
; Report Parameter Settings                                                  ; On                 ; On                 ;
; Report Source Assignments                                                  ; On                 ; On                 ;
; Report Connectivity Checks                                                 ; On                 ; On                 ;
; Ignore Maximum Fan-Out Assignments                                         ; Off                ; Off                ;
; Synchronization Register Chain Length                                      ; 2                  ; 2                  ;
; Power Optimization During Synthesis                                        ; Normal compilation ; Normal compilation ;
; HDL message level                                                          ; Level2             ; Level2             ;
; Suppress Register Optimization Related Messages                            ; Off                ; Off                ;
; Number of Removed Registers Reported in Synthesis Report                   ; 5000               ; 5000               ;
; Number of Swept Nodes Reported in Synthesis Report                         ; 5000               ; 5000               ;
; Number of Inverted Registers Reported in Synthesis Report                  ; 100                ; 100                ;
; Clock MUX Protection                                                       ; On                 ; On                 ;
; Auto Gated Clock Conversion                                                ; Off                ; Off                ;
; Block Design Naming                                                        ; Auto               ; Auto               ;
; SDC constraint protection                                                  ; Off                ; Off                ;
; Synthesis Effort                                                           ; Auto               ; Auto               ;
; Shift Register Replacement - Allow Asynchronous Clear Signal               ; On                 ; On                 ;
; Pre-Mapping Resynthesis Optimization                                       ; Off                ; Off                ;
; Analysis & Synthesis Message Level                                         ; Medium             ; Medium             ;
; Disable Register Merging Across Hierarchies                                ; Auto               ; Auto               ;
; Resource Aware Inference For Block RAM                                     ; On                 ; On                 ;
+----------------------------------------------------------------------------+--------------------+--------------------+


+------------------------------------------+
; Parallel Compilation                     ;
+----------------------------+-------------+
; Processors                 ; Number      ;
+----------------------------+-------------+
; Number detected on machine ; 8           ;
; Maximum allowed            ; 4           ;
;                            ;             ;
; Average used               ; 1.00        ;
; Maximum used               ; 4           ;
;                            ;             ;
; Usage by Processor         ; % Time Used ;
;     Processor 1            ; 100.0%      ;
;     Processor 2            ;   0.1%      ;
;     Processors 3-4         ;   0.1%      ;
+----------------------------+-------------+


+---------------------------------------------------------------------------------------------------------------------------------------------------------------------------------------------------------------+
; Analysis & Synthesis Source Files Read                                                                                                                                                                        ;
+----------------------------------+-----------------+------------------------------------------+-----------------------------------------------------------------------------------------------------+---------+
; File Name with User-Entered Path ; Used in Netlist ; File Type                                ; File Name with Absolute Path                                                                        ; Library ;
+----------------------------------+-----------------+------------------------------------------+-----------------------------------------------------------------------------------------------------+---------+
; automatic_counter.bdf            ; yes             ; User Block Diagram/Schematic File        ; D:/Users/RafaelParisi/Documents/UNIFESP/7 termo/LabCD/automatic_counter/automatic_counter.bdf       ;         ;
; output_files/ff_box.bdf          ; yes             ; User Block Diagram/Schematic File        ; D:/Users/RafaelParisi/Documents/UNIFESP/7 termo/LabCD/automatic_counter/output_files/ff_box.bdf     ;         ;
; freq_div.bdf                     ; yes             ; User Block Diagram/Schematic File        ; D:/Users/RafaelParisi/Documents/UNIFESP/7 termo/LabCD/automatic_counter/freq_div.bdf                ;         ;
; up_and_down_counter.bdf          ; yes             ; Auto-Found Block Diagram/Schematic File  ; D:/Users/RafaelParisi/Documents/UNIFESP/7 termo/LabCD/automatic_counter/up_and_down_counter.bdf     ;         ;
; decod_bcd_box.bdf                ; yes             ; Auto-Found Block Diagram/Schematic File  ; D:/Users/RafaelParisi/Documents/UNIFESP/7 termo/LabCD/automatic_counter/decod_bcd_box.bdf           ;         ;
; output_barrado.bdf               ; yes             ; Auto-Found Block Diagram/Schematic File  ; D:/Users/RafaelParisi/Documents/UNIFESP/7 termo/LabCD/automatic_counter/output_barrado.bdf          ;         ;
; barra_maior_que_dez.bdf          ; yes             ; Auto-Found Block Diagram/Schematic File  ; D:/Users/RafaelParisi/Documents/UNIFESP/7 termo/LabCD/automatic_counter/barra_maior_que_dez.bdf     ;         ;
; bcd_box.bdf                      ; yes             ; Auto-Found Block Diagram/Schematic File  ; D:/Users/RafaelParisi/Documents/UNIFESP/7 termo/LabCD/automatic_counter/bcd_box.bdf                 ;         ;
; up_and_down_counter_box.bdf      ; yes             ; Auto-Found Block Diagram/Schematic File  ; D:/Users/RafaelParisi/Documents/UNIFESP/7 termo/LabCD/automatic_counter/up_and_down_counter_box.bdf ;         ;
+----------------------------------+-----------------+------------------------------------------+-----------------------------------------------------------------------------------------------------+---------+


+--------------------------------------------------------------------+
; Analysis & Synthesis Resource Usage Summary                        ;
+---------------------------------------------+----------------------+
; Resource                                    ; Usage                ;
+---------------------------------------------+----------------------+
; Estimated Total logic elements              ; 48                   ;
;                                             ;                      ;
; Total combinational functions               ; 48                   ;
; Logic element usage by number of LUT inputs ;                      ;
;     -- 4 input functions                    ; 9                    ;
;     -- 3 input functions                    ; 7                    ;
;     -- <=2 input functions                  ; 32                   ;
;                                             ;                      ;
; Logic elements by mode                      ;                      ;
;     -- normal mode                          ; 48                   ;
;     -- arithmetic mode                      ; 0                    ;
;                                             ;                      ;
; Total registers                             ; 33                   ;
;     -- Dedicated logic registers            ; 33                   ;
;     -- I/O registers                        ; 0                    ;
;                                             ;                      ;
; I/O pins                                    ; 9                    ;
;                                             ;                      ;
; Embedded Multiplier 9-bit elements          ; 0                    ;
;                                             ;                      ;
; Maximum fan-out node                        ; freq_div:inst|inst59 ;
; Maximum fan-out                             ; 28                   ;
; Total fan-out                               ; 202                  ;
; Average fan-out                             ; 2.04                 ;
+---------------------------------------------+----------------------+


+-------------------------------------------------------------------------------------------------------------------------------------------------------------------------------------------------------------------------------------------------------------------------------------------+
; Analysis & Synthesis Resource Utilization by Entity                                                                                                                                                                                                                                       ;
+---------------------------------------+---------------------+---------------------------+-------------+--------------+---------+-----------+------+--------------+-------------------------------------------------------------------------------+-------------------------+--------------+
; Compilation Hierarchy Node            ; Combinational ALUTs ; Dedicated Logic Registers ; Memory Bits ; DSP Elements ; DSP 9x9 ; DSP 18x18 ; Pins ; Virtual Pins ; Full Hierarchy Name                                                           ; Entity Name             ; Library Name ;
+---------------------------------------+---------------------+---------------------------+-------------+--------------+---------+-----------+------+--------------+-------------------------------------------------------------------------------+-------------------------+--------------+
; |automatic_counter                    ; 48 (0)              ; 33 (0)                    ; 0           ; 0            ; 0       ; 0         ; 9    ; 0            ; |automatic_counter                                                            ; automatic_counter       ; work         ;
;    |freq_div:inst|                    ; 38 (10)             ; 30 (2)                    ; 0           ; 0            ; 0       ; 0         ; 0    ; 0            ; |automatic_counter|freq_div:inst                                              ; freq_div                ; work         ;
;       |ff_box:inst10|                 ; 1 (1)               ; 1 (1)                     ; 0           ; 0            ; 0       ; 0         ; 0    ; 0            ; |automatic_counter|freq_div:inst|ff_box:inst10                                ; ff_box                  ; work         ;
;       |ff_box:inst14|                 ; 1 (1)               ; 1 (1)                     ; 0           ; 0            ; 0       ; 0         ; 0    ; 0            ; |automatic_counter|freq_div:inst|ff_box:inst14                                ; ff_box                  ; work         ;
;       |ff_box:inst15|                 ; 1 (1)               ; 1 (1)                     ; 0           ; 0            ; 0       ; 0         ; 0    ; 0            ; |automatic_counter|freq_div:inst|ff_box:inst15                                ; ff_box                  ; work         ;
;       |ff_box:inst17|                 ; 1 (1)               ; 1 (1)                     ; 0           ; 0            ; 0       ; 0         ; 0    ; 0            ; |automatic_counter|freq_div:inst|ff_box:inst17                                ; ff_box                  ; work         ;
;       |ff_box:inst18|                 ; 1 (1)               ; 1 (1)                     ; 0           ; 0            ; 0       ; 0         ; 0    ; 0            ; |automatic_counter|freq_div:inst|ff_box:inst18                                ; ff_box                  ; work         ;
;       |ff_box:inst19|                 ; 1 (1)               ; 1 (1)                     ; 0           ; 0            ; 0       ; 0         ; 0    ; 0            ; |automatic_counter|freq_div:inst|ff_box:inst19                                ; ff_box                  ; work         ;
;       |ff_box:inst20|                 ; 1 (1)               ; 1 (1)                     ; 0           ; 0            ; 0       ; 0         ; 0    ; 0            ; |automatic_counter|freq_div:inst|ff_box:inst20                                ; ff_box                  ; work         ;
;       |ff_box:inst22|                 ; 1 (1)               ; 1 (1)                     ; 0           ; 0            ; 0       ; 0         ; 0    ; 0            ; |automatic_counter|freq_div:inst|ff_box:inst22                                ; ff_box                  ; work         ;
;       |ff_box:inst23|                 ; 1 (1)               ; 1 (1)                     ; 0           ; 0            ; 0       ; 0         ; 0    ; 0            ; |automatic_counter|freq_div:inst|ff_box:inst23                                ; ff_box                  ; work         ;
;       |ff_box:inst24|                 ; 1 (1)               ; 1 (1)                     ; 0           ; 0            ; 0       ; 0         ; 0    ; 0            ; |automatic_counter|freq_div:inst|ff_box:inst24                                ; ff_box                  ; work         ;
;       |ff_box:inst25|                 ; 1 (1)               ; 1 (1)                     ; 0           ; 0            ; 0       ; 0         ; 0    ; 0            ; |automatic_counter|freq_div:inst|ff_box:inst25                                ; ff_box                  ; work         ;
;       |ff_box:inst27|                 ; 1 (1)               ; 1 (1)                     ; 0           ; 0            ; 0       ; 0         ; 0    ; 0            ; |automatic_counter|freq_div:inst|ff_box:inst27                                ; ff_box                  ; work         ;
;       |ff_box:inst28|                 ; 1 (1)               ; 1 (1)                     ; 0           ; 0            ; 0       ; 0         ; 0    ; 0            ; |automatic_counter|freq_div:inst|ff_box:inst28                                ; ff_box                  ; work         ;
;       |ff_box:inst29|                 ; 1 (1)               ; 1 (1)                     ; 0           ; 0            ; 0       ; 0         ; 0    ; 0            ; |automatic_counter|freq_div:inst|ff_box:inst29                                ; ff_box                  ; work         ;
;       |ff_box:inst30|                 ; 1 (1)               ; 1 (1)                     ; 0           ; 0            ; 0       ; 0         ; 0    ; 0            ; |automatic_counter|freq_div:inst|ff_box:inst30                                ; ff_box                  ; work         ;
;       |ff_box:inst32|                 ; 1 (1)               ; 1 (1)                     ; 0           ; 0            ; 0       ; 0         ; 0    ; 0            ; |automatic_counter|freq_div:inst|ff_box:inst32                                ; ff_box                  ; work         ;
;       |ff_box:inst33|                 ; 1 (1)               ; 1 (1)                     ; 0           ; 0            ; 0       ; 0         ; 0    ; 0            ; |automatic_counter|freq_div:inst|ff_box:inst33                                ; ff_box                  ; work         ;
;       |ff_box:inst34|                 ; 1 (1)               ; 1 (1)                     ; 0           ; 0            ; 0       ; 0         ; 0    ; 0            ; |automatic_counter|freq_div:inst|ff_box:inst34                                ; ff_box                  ; work         ;
;       |ff_box:inst35|                 ; 1 (1)               ; 1 (1)                     ; 0           ; 0            ; 0       ; 0         ; 0    ; 0            ; |automatic_counter|freq_div:inst|ff_box:inst35                                ; ff_box                  ; work         ;
;       |ff_box:inst4|                  ; 1 (1)               ; 1 (1)                     ; 0           ; 0            ; 0       ; 0         ; 0    ; 0            ; |automatic_counter|freq_div:inst|ff_box:inst4                                 ; ff_box                  ; work         ;
;       |ff_box:inst5|                  ; 1 (1)               ; 1 (1)                     ; 0           ; 0            ; 0       ; 0         ; 0    ; 0            ; |automatic_counter|freq_div:inst|ff_box:inst5                                 ; ff_box                  ; work         ;
;       |ff_box:inst61|                 ; 1 (1)               ; 1 (1)                     ; 0           ; 0            ; 0       ; 0         ; 0    ; 0            ; |automatic_counter|freq_div:inst|ff_box:inst61                                ; ff_box                  ; work         ;
;       |ff_box:inst7|                  ; 1 (1)               ; 1 (1)                     ; 0           ; 0            ; 0       ; 0         ; 0    ; 0            ; |automatic_counter|freq_div:inst|ff_box:inst7                                 ; ff_box                  ; work         ;
;       |ff_box:inst8|                  ; 1 (1)               ; 1 (1)                     ; 0           ; 0            ; 0       ; 0         ; 0    ; 0            ; |automatic_counter|freq_div:inst|ff_box:inst8                                 ; ff_box                  ; work         ;
;       |ff_box:inst98|                 ; 1 (1)               ; 1 (1)                     ; 0           ; 0            ; 0       ; 0         ; 0    ; 0            ; |automatic_counter|freq_div:inst|ff_box:inst98                                ; ff_box                  ; work         ;
;       |ff_box:inst99|                 ; 1 (1)               ; 1 (1)                     ; 0           ; 0            ; 0       ; 0         ; 0    ; 0            ; |automatic_counter|freq_div:inst|ff_box:inst99                                ; ff_box                  ; work         ;
;       |ff_box:inst9|                  ; 1 (1)               ; 1 (1)                     ; 0           ; 0            ; 0       ; 0         ; 0    ; 0            ; |automatic_counter|freq_div:inst|ff_box:inst9                                 ; ff_box                  ; work         ;
;       |ff_box:inst|                   ; 1 (1)               ; 1 (1)                     ; 0           ; 0            ; 0       ; 0         ; 0    ; 0            ; |automatic_counter|freq_div:inst|ff_box:inst                                  ; ff_box                  ; work         ;
;    |up_and_down_counter:inst3|        ; 10 (0)              ; 3 (0)                     ; 0           ; 0            ; 0       ; 0         ; 0    ; 0            ; |automatic_counter|up_and_down_counter:inst3                                  ; up_and_down_counter     ; work         ;
;       |decod_bcd_box:inst2|           ; 7 (0)               ; 0 (0)                     ; 0           ; 0            ; 0       ; 0         ; 0    ; 0            ; |automatic_counter|up_and_down_counter:inst3|decod_bcd_box:inst2              ; decod_bcd_box           ; work         ;
;          |bcd_box:inst|               ; 7 (7)               ; 0 (0)                     ; 0           ; 0            ; 0       ; 0         ; 0    ; 0            ; |automatic_counter|up_and_down_counter:inst3|decod_bcd_box:inst2|bcd_box:inst ; bcd_box                 ; work         ;
;       |up_and_down_counter_box:inst5| ; 3 (3)               ; 3 (3)                     ; 0           ; 0            ; 0       ; 0         ; 0    ; 0            ; |automatic_counter|up_and_down_counter:inst3|up_and_down_counter_box:inst5    ; up_and_down_counter_box ; work         ;
+---------------------------------------+---------------------+---------------------------+-------------+--------------+---------+-----------+------+--------------+-------------------------------------------------------------------------------+-------------------------+--------------+
Note: For table entries with two numbers listed, the numbers in parentheses indicate the number of resources of the given type used by the specific entity alone. The numbers listed outside of parentheses indicate the total resources of the given type used by the specific entity and all of its sub-entities in the hierarchy.


+-------------------------------------------------------------------------------------------------------+
; Registers Removed During Synthesis                                                                    ;
+--------------------------------------------------------------+----------------------------------------+
; Register name                                                ; Reason for Removal                     ;
+--------------------------------------------------------------+----------------------------------------+
; up_and_down_counter:inst3|up_and_down_counter_box:inst5|inst ; Stuck at GND due to stuck port data_in ;
; Total Number of Removed Registers = 1                        ;                                        ;
+--------------------------------------------------------------+----------------------------------------+


+------------------------------------------------------+
; General Register Statistics                          ;
+----------------------------------------------+-------+
; Statistic                                    ; Value ;
+----------------------------------------------+-------+
; Total registers                              ; 33    ;
; Number of registers using Synchronous Clear  ; 0     ;
; Number of registers using Synchronous Load   ; 0     ;
; Number of registers using Asynchronous Clear ; 31    ;
; Number of registers using Asynchronous Load  ; 0     ;
; Number of registers using Clock Enable       ; 0     ;
; Number of registers using Preset             ; 0     ;
+----------------------------------------------+-------+


+-----------------------------------------------------+
; Post-Synthesis Netlist Statistics for Top Partition ;
+-----------------------+-----------------------------+
; Type                  ; Count                       ;
+-----------------------+-----------------------------+
; boundary_port         ; 9                           ;
; cycloneiii_ff         ; 33                          ;
;     CLR               ; 31                          ;
;     plain             ; 2                           ;
; cycloneiii_lcell_comb ; 55                          ;
;     normal            ; 55                          ;
;         1 data inputs ; 39                          ;
;         3 data inputs ; 7                           ;
;         4 data inputs ; 9                           ;
;                       ;                             ;
; Max LUT depth         ; 3.00                        ;
; Average LUT depth     ; 1.81                        ;
+-----------------------+-----------------------------+


+-------------------------------+
; Elapsed Time Per Partition    ;
+----------------+--------------+
; Partition Name ; Elapsed Time ;
+----------------+--------------+
; Top            ; 00:00:00     ;
+----------------+--------------+


+-------------------------------+
; Analysis & Synthesis Messages ;
+-------------------------------+
Info: *******************************************************************
Info: Running Quartus Prime Analysis & Synthesis
    Info: Version 17.1.0 Build 590 10/25/2017 SJ Lite Edition
    Info: Processing started: Wed Sep 27 07:40:10 2023
Info: Command: quartus_map --read_settings_files=on --write_settings_files=off automatic_counter -c automatic_counter
Warning (18236): Number of processors has not been specified which may cause overloading on shared machines.  Set the global assignment NUM_PARALLEL_PROCESSORS in your QSF to an appropriate value for best performance.
Info (20030): Parallel compilation is enabled and will use 4 of the 4 processors detected
Info (12021): Found 1 design units, including 1 entities, in source file automatic_counter.bdf
    Info (12023): Found entity 1: automatic_counter
Warning (12019): Can't analyze file -- file automatic_digital_filter.bdf is missing
Info (12021): Found 1 design units, including 1 entities, in source file filtered_counter.bdf
    Info (12023): Found entity 1: filtered_counter
Info (12021): Found 1 design units, including 1 entities, in source file output_files/ff_box.bdf
    Info (12023): Found entity 1: ff_box
Info (12021): Found 1 design units, including 1 entities, in source file counter.bdf
    Info (12023): Found entity 1: counter
Info (12021): Found 1 design units, including 1 entities, in source file freq_div.bdf
    Info (12023): Found entity 1: freq_div
Info (12127): Elaborating entity "automatic_counter" for the top level hierarchy
Warning (12125): Using design file up_and_down_counter.bdf, which is not specified as a design file for the current project, but contains definitions for 1 design units and 1 entities in project
    Info (12023): Found entity 1: up_and_down_counter
Info (12128): Elaborating entity "up_and_down_counter" for hierarchy "up_and_down_counter:inst3"
Warning (12125): Using design file decod_bcd_box.bdf, which is not specified as a design file for the current project, but contains definitions for 1 design units and 1 entities in project
    Info (12023): Found entity 1: decod_bcd_box
Info (12128): Elaborating entity "decod_bcd_box" for hierarchy "up_and_down_counter:inst3|decod_bcd_box:inst2"
Warning (12125): Using design file output_barrado.bdf, which is not specified as a design file for the current project, but contains definitions for 1 design units and 1 entities in project
    Info (12023): Found entity 1: output_barrado
Info (12128): Elaborating entity "output_barrado" for hierarchy "up_and_down_counter:inst3|decod_bcd_box:inst2|output_barrado:inst1"
Warning (12125): Using design file barra_maior_que_dez.bdf, which is not specified as a design file for the current project, but contains definitions for 1 design units and 1 entities in project
    Info (12023): Found entity 1: barra_maior_que_dez
Info (12128): Elaborating entity "barra_maior_que_dez" for hierarchy "up_and_down_counter:inst3|decod_bcd_box:inst2|barra_maior_que_dez:inst10"
Warning (12125): Using design file bcd_box.bdf, which is not specified as a design file for the current project, but contains definitions for 1 design units and 1 entities in project
    Info (12023): Found entity 1: bcd_box
Info (12128): Elaborating entity "bcd_box" for hierarchy "up_and_down_counter:inst3|decod_bcd_box:inst2|bcd_box:inst"
Warning (275008): Primitive "NOT" of instance "inst" not used
Warning (12125): Using design file up_and_down_counter_box.bdf, which is not specified as a design file for the current project, but contains definitions for 1 design units and 1 entities in project
    Info (12023): Found entity 1: up_and_down_counter_box
Info (12128): Elaborating entity "up_and_down_counter_box" for hierarchy "up_and_down_counter:inst3|up_and_down_counter_box:inst5"
Info (12128): Elaborating entity "freq_div" for hierarchy "freq_div:inst"
Info (12128): Elaborating entity "ff_box" for hierarchy "freq_div:inst|ff_box:inst24"
Info (286030): Timing-Driven Synthesis is running
Info (16010): Generating hard_block partition "hard_block:auto_generated_inst"
    Info (16011): Adding 0 node(s), including 0 DDIO, 0 PLL, 0 transceiver and 0 LCELL
Info (21057): Implemented 58 device resources after synthesis - the final resource count might be different
    Info (21058): Implemented 2 input pins
    Info (21059): Implemented 7 output pins
    Info (21061): Implemented 49 logic cells
Info: Quartus Prime Analysis & Synthesis was successful. 0 errors, 9 warnings
    Info: Peak virtual memory: 4780 megabytes
    Info: Processing ended: Wed Sep 27 07:40:19 2023
    Info: Elapsed time: 00:00:09
    Info: Total CPU time (on all processors): 00:00:19


